#
# There is insufficient memory for the Java Runtime Environment to continue.
# Native memory allocation (malloc) failed to allocate 89128960 bytes for committing reserved memory.
# Possible reasons:
#   The system is out of physical RAM or swap space
#   In 32 bit mode, the process size limit was hit
# Possible solutions:
#   Reduce memory load on the system
#   Increase physical memory or swap space
#   Check if swap backing store is full
#   Use 64 bit Java on a 64 bit OS
#   Decrease Java heap size (-Xmx/-Xms)
#   Decrease number of Java threads
#   Decrease Java thread stack sizes (-Xss)
#   Set larger code cache with -XX:ReservedCodeCacheSize=
# This output file may be truncated or incomplete.
#
#  Out of Memory Error (os_linux.cpp:2798), pid=8572, tid=140314617612032
#
# JRE version: OpenJDK Runtime Environment (7.0_65-b32) (build 1.7.0_65-b32)
# Java VM: OpenJDK 64-Bit Server VM (24.65-b04 mixed mode linux-amd64 compressed oops)
# Failed to write core dump. Core dumps have been disabled. To enable core dumping, try "ulimit -c unlimited" before starting Java again
#

---------------  T H R E A D  ---------------

Current thread (0x00007f9d9807f000):  VMThread [stack: 0x00007f9d8ae08000,0x00007f9d8af09000] [id=8586]

Stack: [0x00007f9d8ae08000,0x00007f9d8af09000],  sp=0x00007f9d8af071e0,  free space=1020k
Native frames: (J=compiled Java code, j=interpreted, Vv=VM code, C=native code)
V  [libjvm.so+0x924383]  VMError::report_and_die()+0x173
V  [libjvm.so+0x488780]  report_vm_out_of_memory(char const*, int, unsigned long, char const*)+0x70
V  [libjvm.so+0x7aa413]  os::pd_commit_memory(char*, unsigned long, unsigned long, bool)+0x103
V  [libjvm.so+0x7a4106]  os::commit_memory(char*, unsigned long, unsigned long, bool)+0x26
V  [libjvm.so+0x81262b]  PSVirtualSpace::expand_by(unsigned long)+0x6b
V  [libjvm.so+0x8130bb]  PSYoungGen::resize_generation(unsigned long, unsigned long)+0xbb
V  [libjvm.so+0x813702]  PSYoungGen::resize(unsigned long, unsigned long)+0x22
V  [libjvm.so+0x810102]  PSScavenge::invoke_no_policy()+0xe22
V  [libjvm.so+0x810993]  PSScavenge::invoke()+0x43
V  [libjvm.so+0x7ca4cd]  ParallelScavengeHeap::failed_mem_allocate(unsigned long)+0x6d
V  [libjvm.so+0x925d90]  VM_ParallelGCFailedAllocation::doit()+0x90
V  [libjvm.so+0x92a402]  VM_Operation::evaluate()+0x52
V  [libjvm.so+0x928a8d]  VMThread::evaluate_operation(VM_Operation*)+0x9d
V  [libjvm.so+0x929156]  VMThread::loop()+0x1c6
V  [libjvm.so+0x9295c2]  VMThread::run()+0x72
V  [libjvm.so+0x7a6e72]  java_start(Thread*)+0x132

VM_Operation (0x00007f9d9e664280): ParallelGCFailedAllocation, mode: safepoint, requested by thread 0x00007f9d9800b000


---------------  P R O C E S S  ---------------

Java Threads: ( => current thread )
  0x00007f9d980b0000 JavaThread "Service Thread" daemon [_thread_blocked, id=8592, stack(0x00007f9d8a11f000,0x00007f9d8a220000)]
  0x00007f9d980ad800 JavaThread "C2 CompilerThread1" daemon [_thread_blocked, id=8591, stack(0x00007f9d8a220000,0x00007f9d8a321000)]
  0x00007f9d980aa800 JavaThread "C2 CompilerThread0" daemon [_thread_blocked, id=8590, stack(0x00007f9d8a321000,0x00007f9d8a422000)]
  0x00007f9d980a8800 JavaThread "Signal Dispatcher" daemon [_thread_blocked, id=8589, stack(0x00007f9d8a422000,0x00007f9d8a523000)]
  0x00007f9d98085000 JavaThread "Finalizer" daemon [_thread_blocked, id=8588, stack(0x00007f9d8ac06000,0x00007f9d8ad07000)]
  0x00007f9d98083000 JavaThread "Reference Handler" daemon [_thread_blocked, id=8587, stack(0x00007f9d8ad07000,0x00007f9d8ae08000)]
  0x00007f9d9800b000 JavaThread "main" [_thread_blocked, id=8577, stack(0x00007f9d9e565000,0x00007f9d9e666000)]

Other Threads:
=>0x00007f9d9807f000 VMThread [stack: 0x00007f9d8ae08000,0x00007f9d8af09000] [id=8586]
  0x00007f9d980ba800 WatcherThread [stack: 0x00007f9d8a01e000,0x00007f9d8a11f000] [id=8593]

VM state:at safepoint (normal execution)

VM Mutex/Monitor currently owned by a thread:  ([mutex/lock_event])
[0x00007f9d98007100] Threads_lock - owner thread: 0x00007f9d9807f000
[0x00007f9d98007600] Heap_lock - owner thread: 0x00007f9d9800b000

Heap
 PSYoungGen      total 64000K, used 2552K [0x00000000eaa80000, 0x00000000eeb80000, 0x0000000100000000)
  eden space 61440K, 0% used [0x00000000eaa80000,0x00000000eaa80000,0x00000000ee680000)
  from space 2560K, 99% used [0x00000000ee680000,0x00000000ee8fe2a8,0x00000000ee900000)
  to   space 2560K, 0% used [0x00000000ee900000,0x00000000ee900000,0x00000000eeb80000)
 ParOldGen       total 55808K, used 31433K [0x00000000c0000000, 0x00000000c3680000, 0x00000000eaa80000)
  object space 55808K, 56% used [0x00000000c0000000,0x00000000c1eb2700,0x00000000c3680000)
 PSPermGen       total 21504K, used 7629K [0x00000000b5a00000, 0x00000000b6f00000, 0x00000000c0000000)
  object space 21504K, 35% used [0x00000000b5a00000,0x00000000b61735e8,0x00000000b6f00000)

Card table byte_map: [0x00007f9d93f2c000,0x00007f9d94180000] byte_map_base: 0x00007f9d9397f000

Polling page: 0x00007f9d9e682000

Code Cache  [0x00007f9d94180000, 0x00007f9d943f0000, 0x00007f9d97180000)
 total_blobs=930 nmethods=676 adapters=207 free_code_cache=47050Kb largest_free_block=48140032

Compilation events (10 events):
Event: 11,914 Thread 0x00007f9d980aa800 nmethod 680 0x00007f9d94387710 code [0x00007f9d94387860, 0x00007f9d94387a18]
Event: 11,924 Thread 0x00007f9d980ad800  681             com.android.dex.Dex::access$1000 (5 bytes)
Event: 11,925 Thread 0x00007f9d980aa800  682             com.android.dex.Dex$ClassDefIterator::hasNext (26 bytes)
Event: 11,925 Thread 0x00007f9d980ad800 nmethod 681 0x00007f9d94384c50 code [0x00007f9d94384d80, 0x00007f9d94384dd8]
Event: 11,925 Thread 0x00007f9d980ad800  683             com.android.dex.ClassDef::<init> (62 bytes)
Event: 11,926 Thread 0x00007f9d980aa800 nmethod 682 0x00007f9d94391ad0 code [0x00007f9d94391c20, 0x00007f9d94391cb8]
Event: 11,926 Thread 0x00007f9d980aa800  684             com.android.dx.merge.SortableType::<init> (20 bytes)
Event: 11,927 Thread 0x00007f9d980ad800 nmethod 683 0x00007f9d94391890 code [0x00007f9d943919c0, 0x00007f9d94391a58]
Event: 11,928 Thread 0x00007f9d980aa800 nmethod 684 0x00007f9d94384a50 code [0x00007f9d94384b80, 0x00007f9d94384bf8]
Event: 11,998 Thread 0x00007f9d980ad800  685 %           java.util.TimSort::binarySort @ 69 (223 bytes)

GC Heap History (10 events):
Event: 2,266 GC heap after
Heap after GC invocations=1 (full 0):
 PSYoungGen      total 17920K, used 2528K [0x00000000eaa80000, 0x00000000ecd80000, 0x0000000100000000)
  eden space 15360K, 0% used [0x00000000eaa80000,0x00000000eaa80000,0x00000000eb980000)
  from space 2560K, 98% used [0x00000000eb980000,0x00000000ebbf8058,0x00000000ebc00000)
  to   space 2560K, 0% used [0x00000000ecb00000,0x00000000ecb00000,0x00000000ecd80000)
 ParOldGen       total 40448K, used 1478K [0x00000000c0000000, 0x00000000c2780000, 0x00000000eaa80000)
  object space 40448K, 3% used [0x00000000c0000000,0x00000000c0171b78,0x00000000c2780000)
 PSPermGen       total 21504K, used 5244K [0x00000000b5a00000, 0x00000000b6f00000, 0x00000000c0000000)
  object space 21504K, 24% used [0x00000000b5a00000,0x00000000b5f1f140,0x00000000b6f00000)
}
Event: 3,069 GC heap before
{Heap before GC invocations=2 (full 0):
 PSYoungGen      total 17920K, used 17888K [0x00000000eaa80000, 0x00000000ecd80000, 0x0000000100000000)
  eden space 15360K, 100% used [0x00000000eaa80000,0x00000000eb980000,0x00000000eb980000)
  from space 2560K, 98% used [0x00000000eb980000,0x00000000ebbf8058,0x00000000ebc00000)
  to   space 2560K, 0% used [0x00000000ecb00000,0x00000000ecb00000,0x00000000ecd80000)
 ParOldGen       total 40448K, used 1478K [0x00000000c0000000, 0x00000000c2780000, 0x00000000eaa80000)
  object space 40448K, 3% used [0x00000000c0000000,0x00000000c0171b78,0x00000000c2780000)
 PSPermGen       total 21504K, used 5424K [0x00000000b5a00000, 0x00000000b6f00000, 0x00000000c0000000)
  object space 21504K, 25% used [0x00000000b5a00000,0x00000000b5f4c020,0x00000000b6f00000)
Event: 3,081 GC heap after
Heap after GC invocations=2 (full 0):
 PSYoungGen      total 33280K, used 2528K [0x00000000eaa80000, 0x00000000ecd80000, 0x0000000100000000)
  eden space 30720K, 0% used [0x00000000eaa80000,0x00000000eaa80000,0x00000000ec880000)
  from space 2560K, 98% used [0x00000000ecb00000,0x00000000ecd78048,0x00000000ecd80000)
  to   space 2560K, 0% used [0x00000000ec880000,0x00000000ec880000,0x00000000ecb00000)
 ParOldGen       total 40448K, used 2941K [0x00000000c0000000, 0x00000000c2780000, 0x00000000eaa80000)
  object space 40448K, 7% used [0x00000000c0000000,0x00000000c02df5d0,0x00000000c2780000)
 PSPermGen       total 21504K, used 5424K [0x00000000b5a00000, 0x00000000b6f00000, 0x00000000c0000000)
  object space 21504K, 25% used [0x00000000b5a00000,0x00000000b5f4c020,0x00000000b6f00000)
}
Event: 8,641 GC heap before
{Heap before GC invocations=3 (full 0):
 PSYoungGen      total 33280K, used 33248K [0x00000000eaa80000, 0x00000000ecd80000, 0x0000000100000000)
  eden space 30720K, 100% used [0x00000000eaa80000,0x00000000ec880000,0x00000000ec880000)
  from space 2560K, 98% used [0x00000000ecb00000,0x00000000ecd78048,0x00000000ecd80000)
  to   space 2560K, 0% used [0x00000000ec880000,0x00000000ec880000,0x00000000ecb00000)
 ParOldGen       total 40448K, used 2941K [0x00000000c0000000, 0x00000000c2780000, 0x00000000eaa80000)
  object space 40448K, 7% used [0x00000000c0000000,0x00000000c02df5d0,0x00000000c2780000)
 PSPermGen       total 21504K, used 7545K [0x00000000b5a00000, 0x00000000b6f00000, 0x00000000c0000000)
  object space 21504K, 35% used [0x00000000b5a00000,0x00000000b615e580,0x00000000b6f00000)
Event: 8,657 GC heap after
Heap after GC invocations=3 (full 0):
 PSYoungGen      total 33280K, used 2550K [0x00000000eaa80000, 0x00000000eeb80000, 0x0000000100000000)
  eden space 30720K, 0% used [0x00000000eaa80000,0x00000000eaa80000,0x00000000ec880000)
  from space 2560K, 99% used [0x00000000ec880000,0x00000000ecafd830,0x00000000ecb00000)
  to   space 2560K, 0% used [0x00000000ee900000,0x00000000ee900000,0x00000000eeb80000)
 ParOldGen       total 40448K, used 7980K [0x00000000c0000000, 0x00000000c2780000, 0x00000000eaa80000)
  object space 40448K, 19% used [0x00000000c0000000,0x00000000c07cb0e8,0x00000000c2780000)
 PSPermGen       total 21504K, used 7545K [0x00000000b5a00000, 0x00000000b6f00000, 0x00000000c0000000)
  object space 21504K, 35% used [0x00000000b5a00000,0x00000000b615e580,0x00000000b6f00000)
}
Event: 9,526 GC heap before
{Heap before GC invocations=4 (full 0):
 PSYoungGen      total 33280K, used 33270K [0x00000000eaa80000, 0x00000000eeb80000, 0x0000000100000000)
  eden space 30720K, 100% used [0x00000000eaa80000,0x00000000ec880000,0x00000000ec880000)
  from space 2560K, 99% used [0x00000000ec880000,0x00000000ecafd830,0x00000000ecb00000)
  to   space 2560K, 0% used [0x00000000ee900000,0x00000000ee900000,0x00000000eeb80000)
 ParOldGen       total 40448K, used 7980K [0x00000000c0000000, 0x00000000c2780000, 0x00000000eaa80000)
  object space 40448K, 19% used [0x00000000c0000000,0x00000000c07cb0e8,0x00000000c2780000)
 PSPermGen       total 21504K, used 7596K [0x00000000b5a00000, 0x00000000b6f00000, 0x00000000c0000000)
  object space 21504K, 35% used [0x00000000b5a00000,0x00000000b616b1e8,0x00000000b6f00000)
Event: 9,561 GC heap after
Heap after GC invocations=4 (full 0):
 PSYoungGen      total 64000K, used 2535K [0x00000000eaa80000, 0x00000000eeb80000, 0x0000000100000000)
  eden space 61440K, 0% used [0x00000000eaa80000,0x00000000eaa80000,0x00000000ee680000)
  from space 2560K, 99% used [0x00000000ee900000,0x00000000eeb79cc8,0x00000000eeb80000)
  to   space 2560K, 0% used [0x00000000ee680000,0x00000000ee680000,0x00000000ee900000)
 ParOldGen       total 40448K, used 32379K [0x00000000c0000000, 0x00000000c2780000, 0x00000000eaa80000)
  object space 40448K, 80% used [0x00000000c0000000,0x00000000c1f9edd0,0x00000000c2780000)
 PSPermGen       total 21504K, used 7596K [0x00000000b5a00000, 0x00000000b6f00000, 0x00000000c0000000)
  object space 21504K, 35% used [0x00000000b5a00000,0x00000000b616b1e8,0x00000000b6f00000)
}
Event: 9,564 GC heap before
{Heap before GC invocations=5 (full 1):
 PSYoungGen      total 64000K, used 2535K [0x00000000eaa80000, 0x00000000eeb80000, 0x0000000100000000)
  eden space 61440K, 0% used [0x00000000eaa80000,0x00000000eaa80000,0x00000000ee680000)
  from space 2560K, 99% used [0x00000000ee900000,0x00000000eeb79cc8,0x00000000eeb80000)
  to   space 2560K, 0% used [0x00000000ee680000,0x00000000ee680000,0x00000000ee900000)
 ParOldGen       total 40448K, used 32379K [0x00000000c0000000, 0x00000000c2780000, 0x00000000eaa80000)
  object space 40448K, 80% used [0x00000000c0000000,0x00000000c1f9edd0,0x00000000c2780000)
 PSPermGen       total 21504K, used 7596K [0x00000000b5a00000, 0x00000000b6f00000, 0x00000000c0000000)
  object space 21504K, 35% used [0x00000000b5a00000,0x00000000b616b1e8,0x00000000b6f00000)
Event: 9,727 GC heap after
Heap after GC invocations=5 (full 1):
 PSYoungGen      total 64000K, used 0K [0x00000000eaa80000, 0x00000000eeb80000, 0x0000000100000000)
  eden space 61440K, 0% used [0x00000000eaa80000,0x00000000eaa80000,0x00000000ee680000)
  from space 2560K, 0% used [0x00000000ee900000,0x00000000ee900000,0x00000000eeb80000)
  to   space 2560K, 0% used [0x00000000ee680000,0x00000000ee680000,0x00000000ee900000)
 ParOldGen       total 55808K, used 11069K [0x00000000c0000000, 0x00000000c3680000, 0x00000000eaa80000)
  object space 55808K, 19% used [0x00000000c0000000,0x00000000c0acf410,0x00000000c3680000)
 PSPermGen       total 21504K, used 7593K [0x00000000b5a00000, 0x00000000b6f00000, 0x00000000c0000000)
  object space 21504K, 35% used [0x00000000b5a00000,0x00000000b616a690,0x00000000b6f00000)
}
Event: 12,644 GC heap before
{Heap before GC invocations=6 (full 1):
 PSYoungGen      total 64000K, used 61440K [0x00000000eaa80000, 0x00000000eeb80000, 0x0000000100000000)
  eden space 61440K, 100% used [0x00000000eaa80000,0x00000000ee680000,0x00000000ee680000)
  from space 2560K, 0% used [0x00000000ee900000,0x00000000ee900000,0x00000000eeb80000)
  to   space 2560K, 0% used [0x00000000ee680000,0x00000000ee680000,0x00000000ee900000)
 ParOldGen       total 55808K, used 11069K [0x00000000c0000000, 0x00000000c3680000, 0x00000000eaa80000)
  object space 55808K, 19% used [0x00000000c0000000,0x00000000c0acf410,0x00000000c3680000)
 PSPermGen       total 21504K, used 7629K [0x00000000b5a00000, 0x00000000b6f00000, 0x00000000c0000000)
  object space 21504K, 35% used [0x00000000b5a00000,0x00000000b61735e8,0x00000000b6f00000)

Deoptimization events (10 events):
Event: 4,198 Thread 0x00007f9d9800b000 Uncommon trap: reason=class_check action=maybe_recompile pc=0x00007f9d942210fc method=java.util.Arrays.equals([Ljava/lang/Object;[Ljava/lang/Object;)Z @ 62
Event: 4,198 Thread 0x00007f9d9800b000 Uncommon trap: reason=class_check action=maybe_recompile pc=0x00007f9d9422c4b4 method=com.android.dx.util.FixedSizeList.equals(Ljava/lang/Object;)Z @ 25
Event: 4,198 Thread 0x00007f9d9800b000 Uncommon trap: reason=class_check action=maybe_recompile pc=0x00007f9d942210fc method=java.util.Arrays.equals([Ljava/lang/Object;[Ljava/lang/Object;)Z @ 62
Event: 4,953 Thread 0x00007f9d9800b000 Uncommon trap: reason=unreached action=reinterpret pc=0x00007f9d9422ec9c method=java.util.Arrays.copyOf([Ljava/lang/Object;ILjava/lang/Class;)[Ljava/lang/Object; @ 4
Event: 6,632 Thread 0x00007f9d9800b000 Uncommon trap: reason=class_check action=maybe_recompile pc=0x00007f9d94261a20 method=java.util.ArrayList.<init>(Ljava/util/Collection;)V @ 6
Event: 6,674 Thread 0x00007f9d9800b000 Uncommon trap: reason=class_check action=maybe_recompile pc=0x00007f9d94261a20 method=java.util.ArrayList.<init>(Ljava/util/Collection;)V @ 6
Event: 8,347 Thread 0x00007f9d9800b000 Uncommon trap: reason=predicate action=maybe_recompile pc=0x00007f9d942f7704 method=com.android.dex.Leb128.readUnsignedLeb128(Lcom/android/dex/util/ByteInput;)I @ 41
Event: 10,200 Thread 0x00007f9d9800b000 Uncommon trap: reason=predicate action=maybe_recompile pc=0x00007f9d94331a20 method=java.util.ComparableTimSort.binarySort([Ljava/lang/Object;III)V @ 37
Event: 10,609 Thread 0x00007f9d9800b000 Uncommon trap: reason=array_check action=maybe_recompile pc=0x00007f9d943734c0 method=java.util.ComparableTimSort.binarySort([Ljava/lang/Object;III)V @ 193
Event: 11,996 Thread 0x00007f9d9800b000 Uncommon trap: reason=predicate action=maybe_recompile pc=0x00007f9d9437ad98 method=java.util.TimSort.binarySort([Ljava/lang/Object;IIILjava/util/Comparator;)V @ 37

Internal exceptions (10 events):
Event: 5,536 Thread 0x00007f9d9800b000 Threw 0x00000000ebd95b30 at /build/buildd/openjdk-7-7u65-2.5.1/build/openjdk/hotspot/src/share/vm/prims/jvm.cpp:1247
Event: 5,552 Thread 0x00007f9d9800b000 Threw 0x00000000ebd9daf8 at /build/buildd/openjdk-7-7u65-2.5.1/build/openjdk/hotspot/src/share/vm/prims/jvm.cpp:1247
Event: 5,554 Thread 0x00007f9d9800b000 Threw 0x00000000ebda0b28 at /build/buildd/openjdk-7-7u65-2.5.1/build/openjdk/hotspot/src/share/vm/prims/jvm.cpp:1247
Event: 6,584 Thread 0x00007f9d9800b000 Threw 0x00000000ebf559a0 at /build/buildd/openjdk-7-7u65-2.5.1/build/openjdk/hotspot/src/share/vm/prims/jvm.cpp:1247
Event: 6,584 Thread 0x00007f9d9800b000 Threw 0x00000000ebf55ac8 at /build/buildd/openjdk-7-7u65-2.5.1/build/openjdk/hotspot/src/share/vm/prims/jvm.cpp:1247
Event: 6,585 Thread 0x00007f9d9800b000 Threw 0x00000000ebf58178 at /build/buildd/openjdk-7-7u65-2.5.1/build/openjdk/hotspot/src/share/vm/prims/jvm.cpp:1247
Event: 6,585 Thread 0x00007f9d9800b000 Threw 0x00000000ebf582a0 at /build/buildd/openjdk-7-7u65-2.5.1/build/openjdk/hotspot/src/share/vm/prims/jvm.cpp:1247
Event: 6,585 Thread 0x00007f9d9800b000 Threw 0x00000000ebf58ca0 at /build/buildd/openjdk-7-7u65-2.5.1/build/openjdk/hotspot/src/share/vm/prims/jvm.cpp:1247
Event: 6,585 Thread 0x00007f9d9800b000 Threw 0x00000000ebf58dc8 at /build/buildd/openjdk-7-7u65-2.5.1/build/openjdk/hotspot/src/share/vm/prims/jvm.cpp:1247
Event: 8,903 Thread 0x00007f9d9800b000 Threw 0x00000000eafbf8d0 at /build/buildd/openjdk-7-7u65-2.5.1/build/openjdk/hotspot/src/share/vm/prims/jvm.cpp:1247

Events (10 events):
Event: 10,200 Thread 0x00007f9d9800b000 Uncommon trap: trap_request=0xffffff86 fr.pc=0x00007f9d94331a20
Event: 10,200 Thread 0x00007f9d9800b000 DEOPT PACKING pc=0x00007f9d94331a20 sp=0x00007f9d9e664420
Event: 10,200 Thread 0x00007f9d9800b000 DEOPT UNPACKING pc=0x00007f9d941b9445 sp=0x00007f9d9e664400 mode 2
Event: 10,609 Thread 0x00007f9d9800b000 Uncommon trap: trap_request=0xffffffd6 fr.pc=0x00007f9d943734c0
Event: 10,609 Thread 0x00007f9d9800b000 DEOPT PACKING pc=0x00007f9d943734c0 sp=0x00007f9d9e664420
Event: 10,609 Thread 0x00007f9d9800b000 DEOPT UNPACKING pc=0x00007f9d941b9445 sp=0x00007f9d9e6643e8 mode 2
Event: 11,955 Thread 0x00007f9d9800b000 Uncommon trap: trap_request=0xffffff86 fr.pc=0x00007f9d9437ad98
Event: 11,996 Thread 0x00007f9d9800b000 DEOPT PACKING pc=0x00007f9d9437ad98 sp=0x00007f9d9e664450
Event: 11,996 Thread 0x00007f9d9800b000 DEOPT UNPACKING pc=0x00007f9d941b9445 sp=0x00007f9d9e664440 mode 2
Event: 12,643 Executing VM operation: ParallelGCFailedAllocation


Dynamic libraries:
00400000-00401000 r-xp 00000000 08:07 1187859                            /usr/lib/jvm/java-7-openjdk-amd64/jre/bin/java
00600000-00601000 r--p 00000000 08:07 1187859                            /usr/lib/jvm/java-7-openjdk-amd64/jre/bin/java
00601000-00602000 rw-p 00001000 08:07 1187859                            /usr/lib/jvm/java-7-openjdk-amd64/jre/bin/java
018e4000-01905000 rw-p 00000000 00:00 0                                  [heap]
b5a00000-b6f00000 rw-p 00000000 00:00 0 
b6f00000-c0000000 rw-p 00000000 00:00 0 
c0000000-c3680000 rw-p 00000000 00:00 0 
c3680000-eaa80000 rw-p 00000000 00:00 0 
eaa80000-eeb80000 rw-p 00000000 00:00 0 
f4080000-100000000 rw-p 00000000 00:00 0 
7f9d1c000000-7f9d1c021000 rw-p 00000000 00:00 0 
7f9d1c021000-7f9d20000000 ---p 00000000 00:00 0 
7f9d24000000-7f9d24041000 rw-p 00000000 00:00 0 
7f9d24041000-7f9d28000000 ---p 00000000 00:00 0 
7f9d28000000-7f9d2803d000 rw-p 00000000 00:00 0 
7f9d2803d000-7f9d2c000000 ---p 00000000 00:00 0 
7f9d2c000000-7f9d2c021000 rw-p 00000000 00:00 0 
7f9d2c021000-7f9d30000000 ---p 00000000 00:00 0 
7f9d30000000-7f9d30021000 rw-p 00000000 00:00 0 
7f9d30021000-7f9d34000000 ---p 00000000 00:00 0 
7f9d34000000-7f9d34021000 rw-p 00000000 00:00 0 
7f9d34021000-7f9d38000000 ---p 00000000 00:00 0 
7f9d38000000-7f9d38021000 rw-p 00000000 00:00 0 
7f9d38021000-7f9d3c000000 ---p 00000000 00:00 0 
7f9d3c000000-7f9d3cd9a000 rw-p 00000000 00:00 0 
7f9d3cd9a000-7f9d40000000 ---p 00000000 00:00 0 
7f9d40000000-7f9d4151f000 rw-p 00000000 00:00 0 
7f9d4151f000-7f9d44000000 ---p 00000000 00:00 0 
7f9d44000000-7f9d44021000 rw-p 00000000 00:00 0 
7f9d44021000-7f9d48000000 ---p 00000000 00:00 0 
7f9d48000000-7f9d48021000 rw-p 00000000 00:00 0 
7f9d48021000-7f9d4c000000 ---p 00000000 00:00 0 
7f9d4c000000-7f9d4c246000 rw-p 00000000 00:00 0 
7f9d4c246000-7f9d50000000 ---p 00000000 00:00 0 
7f9d50000000-7f9d50021000 rw-p 00000000 00:00 0 
7f9d50021000-7f9d54000000 ---p 00000000 00:00 0 
7f9d54000000-7f9d54021000 rw-p 00000000 00:00 0 
7f9d54021000-7f9d58000000 ---p 00000000 00:00 0 
7f9d5c000000-7f9d5c021000 rw-p 00000000 00:00 0 
7f9d5c021000-7f9d60000000 ---p 00000000 00:00 0 
7f9d64000000-7f9d64021000 rw-p 00000000 00:00 0 
7f9d64021000-7f9d68000000 ---p 00000000 00:00 0 
7f9d6c000000-7f9d6c021000 rw-p 00000000 00:00 0 
7f9d6c021000-7f9d70000000 ---p 00000000 00:00 0 
7f9d74000000-7f9d74021000 rw-p 00000000 00:00 0 
7f9d74021000-7f9d78000000 ---p 00000000 00:00 0 
7f9d7c000000-7f9d7c021000 rw-p 00000000 00:00 0 
7f9d7c021000-7f9d80000000 ---p 00000000 00:00 0 
7f9d84000000-7f9d84021000 rw-p 00000000 00:00 0 
7f9d84021000-7f9d88000000 ---p 00000000 00:00 0 
7f9d883a0000-7f9d883dc000 r-xp 00000000 08:07 1707715                    /lib/x86_64-linux-gnu/libpcre.so.3.12.1
7f9d883dc000-7f9d885db000 ---p 0003c000 08:07 1707715                    /lib/x86_64-linux-gnu/libpcre.so.3.12.1
7f9d885db000-7f9d885dc000 r--p 0003b000 08:07 1707715                    /lib/x86_64-linux-gnu/libpcre.so.3.12.1
7f9d885dc000-7f9d885dd000 rw-p 0003c000 08:07 1707715                    /lib/x86_64-linux-gnu/libpcre.so.3.12.1
7f9d885dd000-7f9d885e4000 r-xp 00000000 08:07 1056283                    /usr/lib/x86_64-linux-gnu/libffi.so.6.0.0
7f9d885e4000-7f9d887e3000 ---p 00007000 08:07 1056283                    /usr/lib/x86_64-linux-gnu/libffi.so.6.0.0
7f9d887e3000-7f9d887e4000 r--p 00006000 08:07 1056283                    /usr/lib/x86_64-linux-gnu/libffi.so.6.0.0
7f9d887e4000-7f9d887e5000 rw-p 00007000 08:07 1056283                    /usr/lib/x86_64-linux-gnu/libffi.so.6.0.0
7f9d887e5000-7f9d887fd000 r-xp 00000000 08:07 1713298                    /lib/x86_64-linux-gnu/libresolv-2.15.so
7f9d887fd000-7f9d889fd000 ---p 00018000 08:07 1713298                    /lib/x86_64-linux-gnu/libresolv-2.15.so
7f9d889fd000-7f9d889fe000 r--p 00018000 08:07 1713298                    /lib/x86_64-linux-gnu/libresolv-2.15.so
7f9d889fe000-7f9d889ff000 rw-p 00019000 08:07 1713298                    /lib/x86_64-linux-gnu/libresolv-2.15.so
7f9d889ff000-7f9d88a01000 rw-p 00000000 00:00 0 
7f9d88a01000-7f9d88a1e000 r-xp 00000000 08:07 1707730                    /lib/x86_64-linux-gnu/libselinux.so.1
7f9d88a1e000-7f9d88c1d000 ---p 0001d000 08:07 1707730                    /lib/x86_64-linux-gnu/libselinux.so.1
7f9d88c1d000-7f9d88c1e000 r--p 0001c000 08:07 1707730                    /lib/x86_64-linux-gnu/libselinux.so.1
7f9d88c1e000-7f9d88c1f000 rw-p 0001d000 08:07 1707730                    /lib/x86_64-linux-gnu/libselinux.so.1
7f9d88c1f000-7f9d88c20000 rw-p 00000000 00:00 0 
7f9d88c20000-7f9d88c23000 r-xp 00000000 08:07 1048959                    /usr/lib/x86_64-linux-gnu/libgmodule-2.0.so.0.3200.4
7f9d88c23000-7f9d88e22000 ---p 00003000 08:07 1048959                    /usr/lib/x86_64-linux-gnu/libgmodule-2.0.so.0.3200.4
7f9d88e22000-7f9d88e23000 r--p 00002000 08:07 1048959                    /usr/lib/x86_64-linux-gnu/libgmodule-2.0.so.0.3200.4
7f9d88e23000-7f9d88e24000 rw-p 00003000 08:07 1048959                    /usr/lib/x86_64-linux-gnu/libgmodule-2.0.so.0.3200.4
7f9d88e24000-7f9d88f16000 r-xp 00000000 08:07 1708224                    /lib/x86_64-linux-gnu/libglib-2.0.so.0.3200.4
7f9d88f16000-7f9d89116000 ---p 000f2000 08:07 1708224                    /lib/x86_64-linux-gnu/libglib-2.0.so.0.3200.4
7f9d89116000-7f9d89117000 r--p 000f2000 08:07 1708224                    /lib/x86_64-linux-gnu/libglib-2.0.so.0.3200.4
7f9d89117000-7f9d89118000 rw-p 000f3000 08:07 1708224                    /lib/x86_64-linux-gnu/libglib-2.0.so.0.3200.4
7f9d89118000-7f9d89119000 rw-p 00000000 00:00 0 
7f9d89119000-7f9d89166000 r-xp 00000000 08:07 1048995                    /usr/lib/x86_64-linux-gnu/libgobject-2.0.so.0.3200.4
7f9d89166000-7f9d89366000 ---p 0004d000 08:07 1048995                    /usr/lib/x86_64-linux-gnu/libgobject-2.0.so.0.3200.4
7f9d89366000-7f9d89367000 r--p 0004d000 08:07 1048995                    /usr/lib/x86_64-linux-gnu/libgobject-2.0.so.0.3200.4
7f9d89367000-7f9d89368000 rw-p 0004e000 08:07 1048995                    /usr/lib/x86_64-linux-gnu/libgobject-2.0.so.0.3200.4
7f9d89368000-7f9d894b0000 r-xp 00000000 08:07 1048994                    /usr/lib/x86_64-linux-gnu/libgio-2.0.so.0.3200.4
7f9d894b0000-7f9d896af000 ---p 00148000 08:07 1048994                    /usr/lib/x86_64-linux-gnu/libgio-2.0.so.0.3200.4
7f9d896af000-7f9d896b3000 r--p 00147000 08:07 1048994                    /usr/lib/x86_64-linux-gnu/libgio-2.0.so.0.3200.4
7f9d896b3000-7f9d896b5000 rw-p 0014b000 08:07 1048994                    /usr/lib/x86_64-linux-gnu/libgio-2.0.so.0.3200.4
7f9d896b5000-7f9d896b7000 rw-p 00000000 00:00 0 
7f9d896cf000-7f9d896e6000 r-xp 00000000 08:07 1320317                    /usr/lib/jvm/java-7-openjdk-amd64/jre/lib/amd64/libnet.so
7f9d896e6000-7f9d898e5000 ---p 00017000 08:07 1320317                    /usr/lib/jvm/java-7-openjdk-amd64/jre/lib/amd64/libnet.so
7f9d898e5000-7f9d898e6000 r--p 00016000 08:07 1320317                    /usr/lib/jvm/java-7-openjdk-amd64/jre/lib/amd64/libnet.so
7f9d898e6000-7f9d898e7000 rw-p 00017000 08:07 1320317                    /usr/lib/jvm/java-7-openjdk-amd64/jre/lib/amd64/libnet.so
7f9d898e7000-7f9d898f7000 r-xp 00000000 08:07 1320313                    /usr/lib/jvm/java-7-openjdk-amd64/jre/lib/amd64/libnio.so
7f9d898f7000-7f9d89af7000 ---p 00010000 08:07 1320313                    /usr/lib/jvm/java-7-openjdk-amd64/jre/lib/amd64/libnio.so
7f9d89af7000-7f9d89af8000 r--p 00010000 08:07 1320313                    /usr/lib/jvm/java-7-openjdk-amd64/jre/lib/amd64/libnio.so
7f9d89af8000-7f9d89af9000 rw-p 00011000 08:07 1320313                    /usr/lib/jvm/java-7-openjdk-amd64/jre/lib/amd64/libnio.so
7f9d89af9000-7f9d89afc000 ---p 00000000 00:00 0 
7f9d89afc000-7f9d89bfa000 rw-p 00000000 00:00 0 
7f9d89bfa000-7f9d89bfd000 ---p 00000000 00:00 0 
7f9d89bfd000-7f9d89cfb000 rw-p 00000000 00:00 0 
7f9d89cfb000-7f9d89cfe000 ---p 00000000 00:00 0 
7f9d89cfe000-7f9d89dfc000 rw-p 00000000 00:00 0 
7f9d89dfc000-7f9d89dff000 ---p 00000000 00:00 0 
7f9d89dff000-7f9d89efd000 rw-p 00000000 00:00 0 
7f9d89efd000-7f9d89f00000 ---p 00000000 00:00 0 
7f9d89f00000-7f9d89ffe000 rw-p 00000000 00:00 0 
7f9d89ffe000-7f9d8a00d000 r--s 000df000 08:07 2108450                    /home/jesus/Escritorio/eclipse/adt-bundle-linux-x86_64-20140702/sdk/build-tools/23.0.1/lib/dx.jar
7f9d8a00d000-7f9d8a00e000 r--s 00002000 08:07 1320305                    /usr/lib/jvm/java-7-openjdk-amd64/jre/lib/ext/dnsns.jar
7f9d8a00e000-7f9d8a010000 r--s 00012000 08:07 1320304                    /usr/lib/jvm/java-7-openjdk-amd64/jre/lib/ext/zipfs.jar
7f9d8a010000-7f9d8a013000 r--s 00032000 08:07 1320303                    /usr/lib/jvm/java-7-openjdk-amd64/jre/lib/ext/sunjce_provider.jar
7f9d8a013000-7f9d8a017000 r--s 00085000 08:07 1320307                    /usr/lib/jvm/java-7-openjdk-amd64/jre/lib/ext/localedata.jar
7f9d8a017000-7f9d8a01a000 r--s 0000f000 08:07 1320306                    /usr/lib/jvm/java-7-openjdk-amd64/jre/lib/ext/pulse-java.jar
7f9d8a01a000-7f9d8a01b000 r--s 00007000 08:07 1446869                    /usr/share/java/java-atk-wrapper.jar
7f9d8a01b000-7f9d8a01e000 r--s 0003c000 08:07 1320302                    /usr/lib/jvm/java-7-openjdk-amd64/jre/lib/ext/sunpkcs11.jar
7f9d8a01e000-7f9d8a01f000 ---p 00000000 00:00 0 
7f9d8a01f000-7f9d8a11f000 rw-p 00000000 00:00 0 
7f9d8a11f000-7f9d8a122000 ---p 00000000 00:00 0 
7f9d8a122000-7f9d8a220000 rw-p 00000000 00:00 0 
7f9d8a220000-7f9d8a223000 ---p 00000000 00:00 0 
7f9d8a223000-7f9d8a321000 rw-p 00000000 00:00 0 
7f9d8a321000-7f9d8a324000 ---p 00000000 00:00 0 
7f9d8a324000-7f9d8a422000 rw-p 00000000 00:00 0 
7f9d8a422000-7f9d8a425000 ---p 00000000 00:00 0 
7f9d8a425000-7f9d8a523000 rw-p 00000000 00:00 0 
7f9d8a523000-7f9d8ac06000 r--p 00000000 08:07 1055264                    /usr/lib/locale/locale-archive
7f9d8ac06000-7f9d8ac09000 ---p 00000000 00:00 0 
7f9d8ac09000-7f9d8ad07000 rw-p 00000000 00:00 0 
7f9d8ad07000-7f9d8ad0a000 ---p 00000000 00:00 0 
7f9d8ad0a000-7f9d8ae08000 rw-p 00000000 00:00 0 
7f9d8ae08000-7f9d8ae09000 ---p 00000000 00:00 0 
7f9d8ae09000-7f9d8c000000 rw-p 00000000 00:00 0 
7f9d8c000000-7f9d8c021000 rw-p 00000000 00:00 0 
7f9d8c021000-7f9d90000000 ---p 00000000 00:00 0 
7f9d9000b000-7f9d90ba1000 rw-p 00000000 00:00 0 
7f9d90ba1000-7f9d90d52000 r--s 01d21000 08:07 1187850                    /usr/lib/jvm/java-7-openjdk-amd64/jre/lib/rt.jar
7f9d90d52000-7f9d935ce000 rw-p 00000000 00:00 0 
7f9d935ce000-7f9d935cf000 ---p 00000000 00:00 0 
7f9d935cf000-7f9d936cf000 rw-p 00000000 00:00 0 
7f9d936cf000-7f9d936d0000 ---p 00000000 00:00 0 
7f9d936d0000-7f9d937d0000 rw-p 00000000 00:00 0 
7f9d937d0000-7f9d937d1000 ---p 00000000 00:00 0 
7f9d937d1000-7f9d938d1000 rw-p 00000000 00:00 0 
7f9d938d1000-7f9d938d2000 ---p 00000000 00:00 0 
7f9d938d2000-7f9d939d2000 rw-p 00000000 00:00 0 
7f9d939d2000-7f9d939d3000 ---p 00000000 00:00 0 
7f9d939d3000-7f9d93ad3000 rw-p 00000000 00:00 0 
7f9d93ad3000-7f9d93ad4000 ---p 00000000 00:00 0 
7f9d93ad4000-7f9d93bd4000 rw-p 00000000 00:00 0 
7f9d93bd4000-7f9d93bd5000 ---p 00000000 00:00 0 
7f9d93bd5000-7f9d93cd5000 rw-p 00000000 00:00 0 
7f9d93cd5000-7f9d93cd6000 ---p 00000000 00:00 0 
7f9d93cd6000-7f9d93df2000 rw-p 00000000 00:00 0 
7f9d93df2000-7f9d93f2c000 rw-p 00000000 00:00 0 
7f9d93f2c000-7f9d93f37000 rw-p 00000000 00:00 0 
7f9d93f37000-7f9d93f7f000 rw-p 00000000 00:00 0 
7f9d93f7f000-7f9d93f9b000 rw-p 00000000 00:00 0 
7f9d93f9b000-7f9d940d4000 rw-p 00000000 00:00 0 
7f9d940d4000-7f9d940f5000 rw-p 00000000 00:00 0 
7f9d940f5000-7f9d9417f000 rw-p 00000000 00:00 0 
7f9d9417f000-7f9d94180000 rw-p 00000000 00:00 0 
7f9d94180000-7f9d943f0000 rwxp 00000000 00:00 0 
7f9d943f0000-7f9d97180000 rw-p 00000000 00:00 0 
7f9d97180000-7f9d97188000 r-xp 00000000 08:07 1320338                    /usr/lib/jvm/java-7-openjdk-amd64/jre/lib/amd64/libzip.so
7f9d97188000-7f9d97387000 ---p 00008000 08:07 1320338                    /usr/lib/jvm/java-7-openjdk-amd64/jre/lib/amd64/libzip.so
7f9d97387000-7f9d97388000 r--p 00007000 08:07 1320338                    /usr/lib/jvm/java-7-openjdk-amd64/jre/lib/amd64/libzip.so
7f9d97388000-7f9d97389000 rw-p 00008000 08:07 1320338                    /usr/lib/jvm/java-7-openjdk-amd64/jre/lib/amd64/libzip.so
7f9d97389000-7f9d97395000 r-xp 00000000 08:07 1713297                    /lib/x86_64-linux-gnu/libnss_files-2.15.so
7f9d97395000-7f9d97594000 ---p 0000c000 08:07 1713297                    /lib/x86_64-linux-gnu/libnss_files-2.15.so
7f9d97594000-7f9d97595000 r--p 0000b000 08:07 1713297                    /lib/x86_64-linux-gnu/libnss_files-2.15.so
7f9d97595000-7f9d97596000 rw-p 0000c000 08:07 1713297                    /lib/x86_64-linux-gnu/libnss_files-2.15.so
7f9d97596000-7f9d975a0000 r-xp 00000000 08:07 1713301                    /lib/x86_64-linux-gnu/libnss_nis-2.15.so
7f9d975a0000-7f9d977a0000 ---p 0000a000 08:07 1713301                    /lib/x86_64-linux-gnu/libnss_nis-2.15.so
7f9d977a0000-7f9d977a1000 r--p 0000a000 08:07 1713301                    /lib/x86_64-linux-gnu/libnss_nis-2.15.so
7f9d977a1000-7f9d977a2000 rw-p 0000b000 08:07 1713301                    /lib/x86_64-linux-gnu/libnss_nis-2.15.so
7f9d977a2000-7f9d977b9000 r-xp 00000000 08:07 1713313                    /lib/x86_64-linux-gnu/libnsl-2.15.so
7f9d977b9000-7f9d979b8000 ---p 00017000 08:07 1713313                    /lib/x86_64-linux-gnu/libnsl-2.15.so
7f9d979b8000-7f9d979b9000 r--p 00016000 08:07 1713313                    /lib/x86_64-linux-gnu/libnsl-2.15.so
7f9d979b9000-7f9d979ba000 rw-p 00017000 08:07 1713313                    /lib/x86_64-linux-gnu/libnsl-2.15.so
7f9d979ba000-7f9d979bc000 rw-p 00000000 00:00 0 
7f9d979bc000-7f9d979c4000 r-xp 00000000 08:07 1713295                    /lib/x86_64-linux-gnu/libnss_compat-2.15.so
7f9d979c4000-7f9d97bc3000 ---p 00008000 08:07 1713295                    /lib/x86_64-linux-gnu/libnss_compat-2.15.so
7f9d97bc3000-7f9d97bc4000 r--p 00007000 08:07 1713295                    /lib/x86_64-linux-gnu/libnss_compat-2.15.so
7f9d97bc4000-7f9d97bc5000 rw-p 00008000 08:07 1713295                    /lib/x86_64-linux-gnu/libnss_compat-2.15.so
7f9d97bc5000-7f9d97bee000 r-xp 00000000 08:07 1320325                    /usr/lib/jvm/java-7-openjdk-amd64/jre/lib/amd64/libjava.so
7f9d97bee000-7f9d97ded000 ---p 00029000 08:07 1320325                    /usr/lib/jvm/java-7-openjdk-amd64/jre/lib/amd64/libjava.so
7f9d97ded000-7f9d97dee000 r--p 00028000 08:07 1320325                    /usr/lib/jvm/java-7-openjdk-amd64/jre/lib/amd64/libjava.so
7f9d97dee000-7f9d97df0000 rw-p 00029000 08:07 1320325                    /usr/lib/jvm/java-7-openjdk-amd64/jre/lib/amd64/libjava.so
7f9d97df0000-7f9d97dfe000 r-xp 00000000 08:07 1320324                    /usr/lib/jvm/java-7-openjdk-amd64/jre/lib/amd64/libverify.so
7f9d97dfe000-7f9d97ffd000 ---p 0000e000 08:07 1320324                    /usr/lib/jvm/java-7-openjdk-amd64/jre/lib/amd64/libverify.so
7f9d97ffd000-7f9d97fff000 r--p 0000d000 08:07 1320324                    /usr/lib/jvm/java-7-openjdk-amd64/jre/lib/amd64/libverify.so
7f9d97fff000-7f9d98000000 rw-p 0000f000 08:07 1320324                    /usr/lib/jvm/java-7-openjdk-amd64/jre/lib/amd64/libverify.so
7f9d98000000-7f9d9825f000 rw-p 00000000 00:00 0 
7f9d9825f000-7f9d9c000000 ---p 00000000 00:00 0 
7f9d9c014000-7f9d9c01f000 rw-p 00000000 00:00 0 
7f9d9c01f000-7f9d9c067000 rw-p 00000000 00:00 0 
7f9d9c067000-7f9d9c06e000 r-xp 00000000 08:07 1713300                    /lib/x86_64-linux-gnu/librt-2.15.so
7f9d9c06e000-7f9d9c26d000 ---p 00007000 08:07 1713300                    /lib/x86_64-linux-gnu/librt-2.15.so
7f9d9c26d000-7f9d9c26e000 r--p 00006000 08:07 1713300                    /lib/x86_64-linux-gnu/librt-2.15.so
7f9d9c26e000-7f9d9c26f000 rw-p 00007000 08:07 1713300                    /lib/x86_64-linux-gnu/librt-2.15.so
7f9d9c26f000-7f9d9c284000 r-xp 00000000 08:07 1707663                    /lib/x86_64-linux-gnu/libgcc_s.so.1
7f9d9c284000-7f9d9c483000 ---p 00015000 08:07 1707663                    /lib/x86_64-linux-gnu/libgcc_s.so.1
7f9d9c483000-7f9d9c484000 r--p 00014000 08:07 1707663                    /lib/x86_64-linux-gnu/libgcc_s.so.1
7f9d9c484000-7f9d9c485000 rw-p 00015000 08:07 1707663                    /lib/x86_64-linux-gnu/libgcc_s.so.1
7f9d9c485000-7f9d9c580000 r-xp 00000000 08:07 1713304                    /lib/x86_64-linux-gnu/libm-2.15.so
7f9d9c580000-7f9d9c77f000 ---p 000fb000 08:07 1713304                    /lib/x86_64-linux-gnu/libm-2.15.so
7f9d9c77f000-7f9d9c780000 r--p 000fa000 08:07 1713304                    /lib/x86_64-linux-gnu/libm-2.15.so
7f9d9c780000-7f9d9c781000 rw-p 000fb000 08:07 1713304                    /lib/x86_64-linux-gnu/libm-2.15.so
7f9d9c781000-7f9d9c863000 r-xp 00000000 08:07 1056648                    /usr/lib/x86_64-linux-gnu/libstdc++.so.6.0.16
7f9d9c863000-7f9d9ca62000 ---p 000e2000 08:07 1056648                    /usr/lib/x86_64-linux-gnu/libstdc++.so.6.0.16
7f9d9ca62000-7f9d9ca6a000 r--p 000e1000 08:07 1056648                    /usr/lib/x86_64-linux-gnu/libstdc++.so.6.0.16
7f9d9ca6a000-7f9d9ca6c000 rw-p 000e9000 08:07 1056648                    /usr/lib/x86_64-linux-gnu/libstdc++.so.6.0.16
7f9d9ca6c000-7f9d9ca81000 rw-p 00000000 00:00 0 
7f9d9ca81000-7f9d9d56e000 r-xp 00000000 08:07 1836473                    /usr/lib/jvm/java-7-openjdk-amd64/jre/lib/amd64/server/libjvm.so
7f9d9d56e000-7f9d9d76d000 ---p 00aed000 08:07 1836473                    /usr/lib/jvm/java-7-openjdk-amd64/jre/lib/amd64/server/libjvm.so
7f9d9d76d000-7f9d9d80e000 r--p 00aec000 08:07 1836473                    /usr/lib/jvm/java-7-openjdk-amd64/jre/lib/amd64/server/libjvm.so
7f9d9d80e000-7f9d9d831000 rw-p 00b8d000 08:07 1836473                    /usr/lib/jvm/java-7-openjdk-amd64/jre/lib/amd64/server/libjvm.so
7f9d9d831000-7f9d9d85e000 rw-p 00000000 00:00 0 
7f9d9d85e000-7f9d9d874000 r-xp 00000000 08:07 1707753                    /lib/x86_64-linux-gnu/libz.so.1.2.3.4
7f9d9d874000-7f9d9da73000 ---p 00016000 08:07 1707753                    /lib/x86_64-linux-gnu/libz.so.1.2.3.4
7f9d9da73000-7f9d9da74000 r--p 00015000 08:07 1707753                    /lib/x86_64-linux-gnu/libz.so.1.2.3.4
7f9d9da74000-7f9d9da75000 rw-p 00016000 08:07 1707753                    /lib/x86_64-linux-gnu/libz.so.1.2.3.4
7f9d9da75000-7f9d9da8d000 r-xp 00000000 08:07 1713302                    /lib/x86_64-linux-gnu/libpthread-2.15.so
7f9d9da8d000-7f9d9dc8c000 ---p 00018000 08:07 1713302                    /lib/x86_64-linux-gnu/libpthread-2.15.so
7f9d9dc8c000-7f9d9dc8d000 r--p 00017000 08:07 1713302                    /lib/x86_64-linux-gnu/libpthread-2.15.so
7f9d9dc8d000-7f9d9dc8e000 rw-p 00018000 08:07 1713302                    /lib/x86_64-linux-gnu/libpthread-2.15.so
7f9d9dc8e000-7f9d9dc92000 rw-p 00000000 00:00 0 
7f9d9dc92000-7f9d9dc94000 r-xp 00000000 08:07 1713308                    /lib/x86_64-linux-gnu/libdl-2.15.so
7f9d9dc94000-7f9d9de94000 ---p 00002000 08:07 1713308                    /lib/x86_64-linux-gnu/libdl-2.15.so
7f9d9de94000-7f9d9de95000 r--p 00002000 08:07 1713308                    /lib/x86_64-linux-gnu/libdl-2.15.so
7f9d9de95000-7f9d9de96000 rw-p 00003000 08:07 1713308                    /lib/x86_64-linux-gnu/libdl-2.15.so
7f9d9de96000-7f9d9e04b000 r-xp 00000000 08:07 1713293                    /lib/x86_64-linux-gnu/libc-2.15.so
7f9d9e04b000-7f9d9e24a000 ---p 001b5000 08:07 1713293                    /lib/x86_64-linux-gnu/libc-2.15.so
7f9d9e24a000-7f9d9e24e000 r--p 001b4000 08:07 1713293                    /lib/x86_64-linux-gnu/libc-2.15.so
7f9d9e24e000-7f9d9e250000 rw-p 001b8000 08:07 1713293                    /lib/x86_64-linux-gnu/libc-2.15.so
7f9d9e250000-7f9d9e255000 rw-p 00000000 00:00 0 
7f9d9e255000-7f9d9e262000 r-xp 00000000 08:07 1709036                    /usr/lib/jvm/java-7-openjdk-amd64/jre/lib/amd64/jli/libjli.so
7f9d9e262000-7f9d9e461000 ---p 0000d000 08:07 1709036                    /usr/lib/jvm/java-7-openjdk-amd64/jre/lib/amd64/jli/libjli.so
7f9d9e461000-7f9d9e462000 r--p 0000c000 08:07 1709036                    /usr/lib/jvm/java-7-openjdk-amd64/jre/lib/amd64/jli/libjli.so
7f9d9e462000-7f9d9e463000 rw-p 0000d000 08:07 1709036                    /usr/lib/jvm/java-7-openjdk-amd64/jre/lib/amd64/jli/libjli.so
7f9d9e463000-7f9d9e485000 r-xp 00000000 08:07 1713305                    /lib/x86_64-linux-gnu/ld-2.15.so
7f9d9e48d000-7f9d9e4af000 rw-p 00000000 00:00 0 
7f9d9e4af000-7f9d9e565000 rw-p 00000000 00:00 0 
7f9d9e565000-7f9d9e568000 ---p 00000000 00:00 0 
7f9d9e568000-7f9d9e66b000 rw-p 00000000 00:00 0 
7f9d9e673000-7f9d9e674000 rw-p 00000000 00:00 0 
7f9d9e674000-7f9d9e679000 r--s 0004c000 08:07 1187853                    /usr/lib/jvm/java-7-openjdk-amd64/jre/lib/jsse.jar
7f9d9e679000-7f9d9e681000 rw-s 00000000 08:07 18795                      /tmp/hsperfdata_jesus/8572
7f9d9e681000-7f9d9e682000 rw-p 00000000 00:00 0 
7f9d9e682000-7f9d9e683000 ---p 00000000 00:00 0 
7f9d9e683000-7f9d9e685000 rw-p 00000000 00:00 0 
7f9d9e685000-7f9d9e686000 r--p 00022000 08:07 1713305                    /lib/x86_64-linux-gnu/ld-2.15.so
7f9d9e686000-7f9d9e688000 rw-p 00023000 08:07 1713305                    /lib/x86_64-linux-gnu/ld-2.15.so
7ffff92f5000-7ffff9316000 rw-p 00000000 00:00 0                          [stack]
7ffff93ff000-7ffff9400000 r-xp 00000000 00:00 0                          [vdso]
ffffffffff600000-ffffffffff601000 r-xp 00000000 00:00 0                  [vsyscall]

VM Arguments:
jvm_args: -Xmx1024M -Dfile.encoding=UTF-8 -Duser.country=ES -Duser.language=es -Duser.variant 
java_command: com.android.dx.command.Main --dex --num-threads=4 --output /home/jesus/Escritorio/ACDAT_Tema2/app/build/intermediates/dex/debug /home/jesus/Escritorio/ACDAT_Tema2/app/build/intermediates/classes/debug /home/jesus/Escritorio/ACDAT_Tema2/app/build/intermediates/pre-dexed/debug/okio-1.9.0-4967c73ad36b3301fe92abe1dd0b39c5eeb734cb.jar /home/jesus/Escritorio/ACDAT_Tema2/app/build/intermediates/pre-dexed/debug/classes-4935822318780a574faf2c736bc55229fd11d40e.jar /home/jesus/Escritorio/ACDAT_Tema2/app/build/intermediates/pre-dexed/debug/android-async-http-1.4.9-88abff4d267763c0cfa326997cf9d427461c07d7.jar /home/jesus/Escritorio/ACDAT_Tema2/app/build/intermediates/pre-dexed/debug/picasso-2.5.2-fb4f91915dd6cda7eb4e97c6a46f3a4f7d460bc7.jar /home/jesus/Escritorio/ACDAT_Tema2/app/build/intermediates/pre-dexed/debug/commons-net-3.3-93edb3484bfab261c7aa281966287f948c57cea7.jar /home/jesus/Escritorio/ACDAT_Tema2/app/build/intermediates/pre-dexed/debug/okhttp-3.4.1-ac7df725d5ca856c8662ac5503a3c861963099d5.jar /home/jesus/Escritorio/ACDAT_Tema2/app/build/intermediates/pre-dexed/debug/android-support-v4-1b5a93260b150bcab8e2cac2d1fd18f7e12f8dee.jar /home/jesus/Escritorio/ACDAT_Tema2/app/build/intermediates/pre-dexed/debug/httpclient-4.4.1.1-2dd66eca79ba265714fbefee07bd7a223abd3104.jar
Launcher Type: SUN_STANDARD

Environment Variables:
PATH=/usr/local/sbin:/usr/local/bin:/usr/sbin:/usr/bin:/sbin:/bin:/usr/games
USERNAME=jesus
LD_LIBRARY_PATH=/home/jesus/Escritorio/Curso 2015-2016/android-studio/bin:
SHELL=/bin/bash
DISPLAY=:0.0

Signal Handlers:
SIGSEGV: [libjvm.so+0x924de0], sa_mask[0]=0x7ffbfeff, sa_flags=0x10000004
SIGBUS: [libjvm.so+0x924de0], sa_mask[0]=0x7ffbfeff, sa_flags=0x10000004
SIGFPE: [libjvm.so+0x7a4d90], sa_mask[0]=0x7ffbfeff, sa_flags=0x10000004
SIGPIPE: [libjvm.so+0x7a4d90], sa_mask[0]=0x7ffbfeff, sa_flags=0x10000004
SIGXFSZ: [libjvm.so+0x7a4d90], sa_mask[0]=0x7ffbfeff, sa_flags=0x10000004
SIGILL: [libjvm.so+0x7a4d90], sa_mask[0]=0x7ffbfeff, sa_flags=0x10000004
SIGUSR1: SIG_DFL, sa_mask[0]=0x00000000, sa_flags=0x00000000
SIGUSR2: [libjvm.so+0x7a4fb0], sa_mask[0]=0x00000004, sa_flags=0x10000004
SIGHUP: [libjvm.so+0x7a5120], sa_mask[0]=0x7ffbfeff, sa_flags=0x10000004
SIGINT: [libjvm.so+0x7a5120], sa_mask[0]=0x7ffbfeff, sa_flags=0x10000004
SIGTERM: [libjvm.so+0x7a5120], sa_mask[0]=0x7ffbfeff, sa_flags=0x10000004
SIGQUIT: [libjvm.so+0x7a5120], sa_mask[0]=0x7ffbfeff, sa_flags=0x10000004
SIGTRAP: SIG_DFL, sa_mask[0]=0x00000000, sa_flags=0x00000000


---------------  S Y S T E M  ---------------

OS:LinuxMint 13 (maya)
uname:Linux 3.2.0-23-generic #36-Ubuntu SMP Tue Apr 10 20:39:51 UTC 2012 x86_64
libc:glibc 2.15 NPTL 2.15 
rlimit: STACK 8192k, CORE 0k, NPROC 30331, NOFILE 4096, AS infinity
load average:5,16 2,71 1,96

/proc/meminfo:
MemTotal:        3899996 kB
MemFree:           89428 kB
Buffers:             656 kB
Cached:           743956 kB
SwapCached:            0 kB
Active:          3041308 kB
Inactive:         589076 kB
Active(anon):    3034028 kB
Inactive(anon):   560736 kB
Active(file):       7280 kB
Inactive(file):    28340 kB
Unevictable:           0 kB
Mlocked:               0 kB
SwapTotal:             0 kB
SwapFree:              0 kB
Dirty:               128 kB
Writeback:          5264 kB
AnonPages:       2885948 kB
Mapped:            27036 kB
Shmem:            708824 kB
Slab:              73880 kB
SReclaimable:      30452 kB
SUnreclaim:        43428 kB
KernelStack:        4560 kB
PageTables:        30740 kB
NFS_Unstable:          0 kB
Bounce:                0 kB
WritebackTmp:          0 kB
CommitLimit:     1949996 kB
Committed_AS:    7280960 kB
VmallocTotal:   34359738367 kB
VmallocUsed:      602040 kB
VmallocChunk:   34359108516 kB
HardwareCorrupted:     0 kB
AnonHugePages:         0 kB
HugePages_Total:       0
HugePages_Free:        0
HugePages_Rsvd:        0
HugePages_Surp:        0
Hugepagesize:       2048 kB
DirectMap4k:      106496 kB
DirectMap2M:     3938304 kB


CPU:total 8 (4 cores per cpu, 2 threads per core) family 6 model 42 stepping 7, cmov, cx8, fxsr, mmx, sse, sse2, sse3, ssse3, sse4.1, sse4.2, popcnt, avx, aes, ht, tsc, tscinvbit

/proc/cpuinfo:
processor	: 0
vendor_id	: GenuineIntel
cpu family	: 6
model		: 42
model name	: Intel(R) Core(TM) i7-2630QM CPU @ 2.00GHz
stepping	: 7
microcode	: 0x25
cpu MHz		: 900.000
cache size	: 6144 KB
physical id	: 0
siblings	: 8
core id		: 0
cpu cores	: 4
apicid		: 0
initial apicid	: 0
fpu		: yes
fpu_exception	: yes
cpuid level	: 13
wp		: yes
flags		: fpu vme de pse tsc msr pae mce cx8 apic sep mtrr pge mca cmov pat pse36 clflush dts acpi mmx fxsr sse sse2 ss ht tm pbe syscall nx rdtscp lm constant_tsc arch_perfmon pebs bts rep_good nopl xtopology nonstop_tsc aperfmperf pni pclmulqdq dtes64 monitor ds_cpl vmx est tm2 ssse3 cx16 xtpr pdcm pcid sse4_1 sse4_2 x2apic popcnt tsc_deadline_timer aes xsave avx lahf_lm ida arat epb xsaveopt pln pts dts tpr_shadow vnmi flexpriority ept vpid
bogomips	: 3990.91
clflush size	: 64
cache_alignment	: 64
address sizes	: 36 bits physical, 48 bits virtual
power management:

processor	: 1
vendor_id	: GenuineIntel
cpu family	: 6
model		: 42
model name	: Intel(R) Core(TM) i7-2630QM CPU @ 2.00GHz
stepping	: 7
microcode	: 0x25
cpu MHz		: 1700.000
cache size	: 6144 KB
physical id	: 0
siblings	: 8
core id		: 0
cpu cores	: 4
apicid		: 1
initial apicid	: 1
fpu		: yes
fpu_exception	: yes
cpuid level	: 13
wp		: yes
flags		: fpu vme de pse tsc msr pae mce cx8 apic sep mtrr pge mca cmov pat pse36 clflush dts acpi mmx fxsr sse sse2 ss ht tm pbe syscall nx rdtscp lm constant_tsc arch_perfmon pebs bts rep_good nopl xtopology nonstop_tsc aperfmperf pni pclmulqdq dtes64 monitor ds_cpl vmx est tm2 ssse3 cx16 xtpr pdcm pcid sse4_1 sse4_2 x2apic popcnt tsc_deadline_timer aes xsave avx lahf_lm ida arat epb xsaveopt pln pts dts tpr_shadow vnmi flexpriority ept vpid
bogomips	: 3990.75
clflush size	: 64
cache_alignment	: 64
address sizes	: 36 bits physical, 48 bits virtual
power management:

processor	: 2
vendor_id	: GenuineIntel
cpu family	: 6
model		: 42
model name	: Intel(R) Core(TM) i7-2630QM CPU @ 2.00GHz
stepping	: 7
microcode	: 0x25
cpu MHz		: 900.000
cache size	: 6144 KB
physical id	: 0
siblings	: 8
core id		: 1
cpu cores	: 4
apicid		: 2
initial apicid	: 2
fpu		: yes
fpu_exception	: yes
cpuid level	: 13
wp		: yes
flags		: fpu vme de pse tsc msr pae mce cx8 apic sep mtrr pge mca cmov pat pse36 clflush dts acpi mmx fxsr sse sse2 ss ht tm pbe syscall nx rdtscp lm constant_tsc arch_perfmon pebs bts rep_good nopl xtopology nonstop_tsc aperfmperf pni pclmulqdq dtes64 monitor ds_cpl vmx est tm2 ssse3 cx16 xtpr pdcm pcid sse4_1 sse4_2 x2apic popcnt tsc_deadline_timer aes xsave avx lahf_lm ida arat epb xsaveopt pln pts dts tpr_shadow vnmi flexpriority ept vpid
bogomips	: 3990.75
clflush size	: 64
cache_alignment	: 64
address sizes	: 36 bits physical, 48 bits virtual
power management:

processor	: 3
vendor_id	: GenuineIntel
cpu family	: 6
model		: 42
model name	: Intel(R) Core(TM) i7-2630QM CPU @ 2.00GHz
stepping	: 7
microcode	: 0x25
cpu MHz		: 1700.000
cache size	: 6144 KB
physical id	: 0
siblings	: 8
core id		: 1
cpu cores	: 4
apicid		: 3
initial apicid	: 3
fpu		: yes
fpu_exception	: yes
cpuid level	: 13
wp		: yes
flags		: fpu vme de pse tsc msr pae mce cx8 apic sep mtrr pge mca cmov pat pse36 clflush dts acpi mmx fxsr sse sse2 ss ht tm pbe syscall nx rdtscp lm constant_tsc arch_perfmon pebs bts rep_good nopl xtopology nonstop_tsc aperfmperf pni pclmulqdq dtes64 monitor ds_cpl vmx est tm2 ssse3 cx16 xtpr pdcm pcid sse4_1 sse4_2 x2apic popcnt tsc_deadline_timer aes xsave avx lahf_lm ida arat epb xsaveopt pln pts dts tpr_shadow vnmi flexpriority ept vpid
bogomips	: 3990.76
clflush size	: 64
cache_alignment	: 64
address sizes	: 36 bits physical, 48 bits virtual
power management:

processor	: 4
vendor_id	: GenuineIntel
cpu family	: 6
model		: 42
model name	: Intel(R) Core(TM) i7-2630QM CPU @ 2.00GHz
stepping	: 7
microcode	: 0x25
cpu MHz		: 900.000
cache size	: 6144 KB
physical id	: 0
siblings	: 8
core id		: 2
cpu cores	: 4
apicid		: 4
initial apicid	: 4
fpu		: yes
fpu_exception	: yes
cpuid level	: 13
wp		: yes
flags		: fpu vme de pse tsc msr pae mce cx8 apic sep mtrr pge mca cmov pat pse36 clflush dts acpi mmx fxsr sse sse2 ss ht tm pbe syscall nx rdtscp lm constant_tsc arch_perfmon pebs bts rep_good nopl xtopology nonstop_tsc aperfmperf pni pclmulqdq dtes64 monitor ds_cpl vmx est tm2 ssse3 cx16 xtpr pdcm pcid sse4_1 sse4_2 x2apic popcnt tsc_deadline_timer aes xsave avx lahf_lm ida arat epb xsaveopt pln pts dts tpr_shadow vnmi flexpriority ept vpid
bogomips	: 3990.76
clflush size	: 64
cache_alignment	: 64
address sizes	: 36 bits physical, 48 bits virtual
power management:

processor	: 5
vendor_id	: GenuineIntel
cpu family	: 6
model		: 42
model name	: Intel(R) Core(TM) i7-2630QM CPU @ 2.00GHz
stepping	: 7
microcode	: 0x25
cpu MHz		: 900.000
cache size	: 6144 KB
physical id	: 0
siblings	: 8
core id		: 2
cpu cores	: 4
apicid		: 5
initial apicid	: 5
fpu		: yes
fpu_exception	: yes
cpuid level	: 13
wp		: yes
flags		: fpu vme de pse tsc msr pae mce cx8 apic sep mtrr pge mca cmov pat pse36 clflush dts acpi mmx fxsr sse sse2 ss ht tm pbe syscall nx rdtscp lm constant_tsc arch_perfmon pebs bts rep_good nopl xtopology nonstop_tsc aperfmperf pni pclmulqdq dtes64 monitor ds_cpl vmx est tm2 ssse3 cx16 xtpr pdcm pcid sse4_1 sse4_2 x2apic popcnt tsc_deadline_timer aes xsave avx lahf_lm ida arat epb xsaveopt pln pts dts tpr_shadow vnmi flexpriority ept vpid
bogomips	: 3990.76
clflush size	: 64
cache_alignment	: 64
address sizes	: 36 bits physical, 48 bits virtual
power management:

processor	: 6
vendor_id	: GenuineIntel
cpu family	: 6
model		: 42
model name	: Intel(R) Core(TM) i7-2630QM CPU @ 2.00GHz
stepping	: 7
microcode	: 0x25
cpu MHz		: 900.000
cache size	: 6144 KB
physical id	: 0
siblings	: 8
core id		: 3
cpu cores	: 4
apicid		: 6
initial apicid	: 6
fpu		: yes
fpu_exception	: yes
cpuid level	: 13
wp		: yes
flags		: fpu vme de pse tsc msr pae mce cx8 apic sep mtrr pge mca cmov pat pse36 clflush dts acpi mmx fxsr sse sse2 ss ht tm pbe syscall nx rdtscp lm constant_tsc arch_perfmon pebs bts rep_good nopl xtopology nonstop_tsc aperfmperf pni pclmulqdq dtes64 monitor ds_cpl vmx est tm2 ssse3 cx16 xtpr pdcm pcid sse4_1 sse4_2 x2apic popcnt tsc_deadline_timer aes xsave avx lahf_lm ida arat epb xsaveopt pln pts dts tpr_shadow vnmi flexpriority ept vpid
bogomips	: 3990.76
clflush size	: 64
cache_alignment	: 64
address sizes	: 36 bits physical, 48 bits virtual
power management:

processor	: 7
vendor_id	: GenuineIntel
cpu family	: 6
model		: 42
model name	: Intel(R) Core(TM) i7-2630QM CPU @ 2.00GHz
stepping	: 7
microcode	: 0x25
cpu MHz		: 800.000
cache size	: 6144 KB
physical id	: 0
siblings	: 8
core id		: 3
cpu cores	: 4
apicid		: 7
initial apicid	: 7
fpu		: yes
fpu_exception	: yes
cpuid level	: 13
wp		: yes
flags		: fpu vme de pse tsc msr pae mce cx8 apic sep mtrr pge mca cmov pat pse36 clflush dts acpi mmx fxsr sse sse2 ss ht tm pbe syscall nx rdtscp lm constant_tsc arch_perfmon pebs bts rep_good nopl xtopology nonstop_tsc aperfmperf pni pclmulqdq dtes64 monitor ds_cpl vmx est tm2 ssse3 cx16 xtpr pdcm pcid sse4_1 sse4_2 x2apic popcnt tsc_deadline_timer aes xsave avx lahf_lm ida arat epb xsaveopt pln pts dts tpr_shadow vnmi flexpriority ept vpid
bogomips	: 3990.76
clflush size	: 64
cache_alignment	: 64
address sizes	: 36 bits physical, 48 bits virtual
power management:



Memory: 4k page, physical 3899996k(89428k free), swap 0k(0k free)

vm_info: OpenJDK 64-Bit Server VM (24.65-b04) for linux-amd64 JRE (1.7.0_65-b32), built on Aug 23 2014 13:37:14 by "buildd" with gcc 4.6.3

time: Sat Nov 26 00:55:30 2016
elapsed time: 13 seconds

